<?xml version="1.0" encoding="UTF-8"?>
<testsuite xmlns:xsi="http://www.w3.org/2001/XMLSchema-instance" xsi:noNamespaceSchemaLocation="https://maven.apache.org/surefire/maven-surefire-plugin/xsd/surefire-test-report.xsd" name="com.java.net.WeatherClientMicrosevicesApplicationTests" time="2.703" tests="1" errors="1" skipped="0" failures="0">
  <properties>
    <property name="java.specification.version" value="17"/>
    <property name="sun.jnu.encoding" value="UTF-8"/>
    <property name="java.class.path" value="/home/DetoxV2/Desktop/Loptop_Work/Work/eclipse-workspace/Microservice/WeatherClient-microsevices/target/test-classes:/home/DetoxV2/Desktop/Loptop_Work/Work/eclipse-workspace/Microservice/WeatherClient-microsevices/target/classes:/home/DetoxV2/.m2/repository/org/springframework/boot/spring-boot-starter-web/2.7.12-SNAPSHOT/spring-boot-starter-web-2.7.12-SNAPSHOT.jar:/home/DetoxV2/.m2/repository/org/springframework/boot/spring-boot-starter/2.7.12-SNAPSHOT/spring-boot-starter-2.7.12-SNAPSHOT.jar:/home/DetoxV2/.m2/repository/org/springframework/boot/spring-boot/2.7.12-SNAPSHOT/spring-boot-2.7.12-SNAPSHOT.jar:/home/DetoxV2/.m2/repository/org/springframework/boot/spring-boot-autoconfigure/2.7.12-SNAPSHOT/spring-boot-autoconfigure-2.7.12-SNAPSHOT.jar:/home/DetoxV2/.m2/repository/org/springframework/boot/spring-boot-starter-logging/2.7.12-SNAPSHOT/spring-boot-starter-logging-2.7.12-SNAPSHOT.jar:/home/DetoxV2/.m2/repository/ch/qos/logback/logback-classic/1.2.12/logback-classic-1.2.12.jar:/home/DetoxV2/.m2/repository/ch/qos/logback/logback-core/1.2.12/logback-core-1.2.12.jar:/home/DetoxV2/.m2/repository/org/apache/logging/log4j/log4j-to-slf4j/2.17.2/log4j-to-slf4j-2.17.2.jar:/home/DetoxV2/.m2/repository/org/apache/logging/log4j/log4j-api/2.17.2/log4j-api-2.17.2.jar:/home/DetoxV2/.m2/repository/org/slf4j/jul-to-slf4j/1.7.36/jul-to-slf4j-1.7.36.jar:/home/DetoxV2/.m2/repository/jakarta/annotation/jakarta.annotation-api/1.3.5/jakarta.annotation-api-1.3.5.jar:/home/DetoxV2/.m2/repository/org/yaml/snakeyaml/1.30/snakeyaml-1.30.jar:/home/DetoxV2/.m2/repository/org/springframework/boot/spring-boot-starter-json/2.7.12-SNAPSHOT/spring-boot-starter-json-2.7.12-SNAPSHOT.jar:/home/DetoxV2/.m2/repository/com/fasterxml/jackson/datatype/jackson-datatype-jdk8/2.13.5/jackson-datatype-jdk8-2.13.5.jar:/home/DetoxV2/.m2/repository/com/fasterxml/jackson/datatype/jackson-datatype-jsr310/2.13.5/jackson-datatype-jsr310-2.13.5.jar:/home/DetoxV2/.m2/repository/com/fasterxml/jackson/module/jackson-module-parameter-names/2.13.5/jackson-module-parameter-names-2.13.5.jar:/home/DetoxV2/.m2/repository/org/springframework/boot/spring-boot-starter-tomcat/2.7.12-SNAPSHOT/spring-boot-starter-tomcat-2.7.12-SNAPSHOT.jar:/home/DetoxV2/.m2/repository/org/apache/tomcat/embed/tomcat-embed-core/9.0.74/tomcat-embed-core-9.0.74.jar:/home/DetoxV2/.m2/repository/org/apache/tomcat/embed/tomcat-embed-el/9.0.74/tomcat-embed-el-9.0.74.jar:/home/DetoxV2/.m2/repository/org/apache/tomcat/embed/tomcat-embed-websocket/9.0.74/tomcat-embed-websocket-9.0.74.jar:/home/DetoxV2/.m2/repository/org/springframework/spring-web/5.3.27/spring-web-5.3.27.jar:/home/DetoxV2/.m2/repository/org/springframework/spring-beans/5.3.27/spring-beans-5.3.27.jar:/home/DetoxV2/.m2/repository/org/springframework/spring-webmvc/5.3.27/spring-webmvc-5.3.27.jar:/home/DetoxV2/.m2/repository/org/springframework/spring-aop/5.3.27/spring-aop-5.3.27.jar:/home/DetoxV2/.m2/repository/org/springframework/spring-context/5.3.27/spring-context-5.3.27.jar:/home/DetoxV2/.m2/repository/org/springframework/spring-expression/5.3.27/spring-expression-5.3.27.jar:/home/DetoxV2/.m2/repository/org/springframework/cloud/spring-cloud-starter-netflix-eureka-client/3.1.5/spring-cloud-starter-netflix-eureka-client-3.1.5.jar:/home/DetoxV2/.m2/repository/org/springframework/cloud/spring-cloud-starter/3.1.6/spring-cloud-starter-3.1.6.jar:/home/DetoxV2/.m2/repository/org/springframework/cloud/spring-cloud-context/3.1.6/spring-cloud-context-3.1.6.jar:/home/DetoxV2/.m2/repository/org/springframework/security/spring-security-rsa/1.0.11.RELEASE/spring-security-rsa-1.0.11.RELEASE.jar:/home/DetoxV2/.m2/repository/org/bouncycastle/bcpkix-jdk15on/1.69/bcpkix-jdk15on-1.69.jar:/home/DetoxV2/.m2/repository/org/bouncycastle/bcprov-jdk15on/1.69/bcprov-jdk15on-1.69.jar:/home/DetoxV2/.m2/repository/org/bouncycastle/bcutil-jdk15on/1.69/bcutil-jdk15on-1.69.jar:/home/DetoxV2/.m2/repository/org/springframework/cloud/spring-cloud-netflix-eureka-client/3.1.5/spring-cloud-netflix-eureka-client-3.1.5.jar:/home/DetoxV2/.m2/repository/com/netflix/eureka/eureka-client/1.10.17/eureka-client-1.10.17.jar:/home/DetoxV2/.m2/repository/com/netflix/netflix-commons/netflix-eventbus/0.3.0/netflix-eventbus-0.3.0.jar:/home/DetoxV2/.m2/repository/com/netflix/netflix-commons/netflix-infix/0.3.0/netflix-infix-0.3.0.jar:/home/DetoxV2/.m2/repository/commons-jxpath/commons-jxpath/1.3/commons-jxpath-1.3.jar:/home/DetoxV2/.m2/repository/joda-time/joda-time/2.3/joda-time-2.3.jar:/home/DetoxV2/.m2/repository/org/antlr/antlr-runtime/3.4/antlr-runtime-3.4.jar:/home/DetoxV2/.m2/repository/org/antlr/stringtemplate/3.2.1/stringtemplate-3.2.1.jar:/home/DetoxV2/.m2/repository/antlr/antlr/2.7.7/antlr-2.7.7.jar:/home/DetoxV2/.m2/repository/com/google/code/gson/gson/2.9.1/gson-2.9.1.jar:/home/DetoxV2/.m2/repository/org/apache/commons/commons-math/2.2/commons-math-2.2.jar:/home/DetoxV2/.m2/repository/com/thoughtworks/xstream/xstream/1.4.18/xstream-1.4.18.jar:/home/DetoxV2/.m2/repository/io/github/x-stream/mxparser/1.2.2/mxparser-1.2.2.jar:/home/DetoxV2/.m2/repository/xmlpull/xmlpull/1.1.3.1/xmlpull-1.1.3.1.jar:/home/DetoxV2/.m2/repository/javax/ws/rs/jsr311-api/1.1.1/jsr311-api-1.1.1.jar:/home/DetoxV2/.m2/repository/com/netflix/servo/servo-core/0.12.21/servo-core-0.12.21.jar:/home/DetoxV2/.m2/repository/com/google/guava/guava/19.0/guava-19.0.jar:/home/DetoxV2/.m2/repository/org/apache/httpcomponents/httpclient/4.5.14/httpclient-4.5.14.jar:/home/DetoxV2/.m2/repository/org/apache/httpcomponents/httpcore/4.4.16/httpcore-4.4.16.jar:/home/DetoxV2/.m2/repository/commons-codec/commons-codec/1.15/commons-codec-1.15.jar:/home/DetoxV2/.m2/repository/commons-configuration/commons-configuration/1.10/commons-configuration-1.10.jar:/home/DetoxV2/.m2/repository/commons-lang/commons-lang/2.6/commons-lang-2.6.jar:/home/DetoxV2/.m2/repository/com/google/inject/guice/4.1.0/guice-4.1.0.jar:/home/DetoxV2/.m2/repository/javax/inject/javax.inject/1/javax.inject-1.jar:/home/DetoxV2/.m2/repository/org/codehaus/jettison/jettison/1.4.0/jettison-1.4.0.jar:/home/DetoxV2/.m2/repository/com/netflix/eureka/eureka-core/1.10.17/eureka-core-1.10.17.jar:/home/DetoxV2/.m2/repository/org/springframework/cloud/spring-cloud-starter-loadbalancer/3.1.6/spring-cloud-starter-loadbalancer-3.1.6.jar:/home/DetoxV2/.m2/repository/org/springframework/cloud/spring-cloud-loadbalancer/3.1.6/spring-cloud-loadbalancer-3.1.6.jar:/home/DetoxV2/.m2/repository/io/projectreactor/reactor-core/3.4.29/reactor-core-3.4.29.jar:/home/DetoxV2/.m2/repository/org/reactivestreams/reactive-streams/1.0.4/reactive-streams-1.0.4.jar:/home/DetoxV2/.m2/repository/io/projectreactor/addons/reactor-extra/3.4.10/reactor-extra-3.4.10.jar:/home/DetoxV2/.m2/repository/org/springframework/boot/spring-boot-starter-cache/2.7.12-SNAPSHOT/spring-boot-starter-cache-2.7.12-SNAPSHOT.jar:/home/DetoxV2/.m2/repository/org/springframework/spring-context-support/5.3.27/spring-context-support-5.3.27.jar:/home/DetoxV2/.m2/repository/com/stoyanr/evictor/1.0.0/evictor-1.0.0.jar:/home/DetoxV2/.m2/repository/org/springframework/cloud/spring-cloud-starter-openfeign/3.1.6/spring-cloud-starter-openfeign-3.1.6.jar:/home/DetoxV2/.m2/repository/org/springframework/cloud/spring-cloud-openfeign-core/3.1.6/spring-cloud-openfeign-core-3.1.6.jar:/home/DetoxV2/.m2/repository/org/springframework/boot/spring-boot-starter-aop/2.7.12-SNAPSHOT/spring-boot-starter-aop-2.7.12-SNAPSHOT.jar:/home/DetoxV2/.m2/repository/org/aspectj/aspectjweaver/1.9.7/aspectjweaver-1.9.7.jar:/home/DetoxV2/.m2/repository/io/github/openfeign/form/feign-form-spring/3.8.0/feign-form-spring-3.8.0.jar:/home/DetoxV2/.m2/repository/io/github/openfeign/form/feign-form/3.8.0/feign-form-3.8.0.jar:/home/DetoxV2/.m2/repository/commons-fileupload/commons-fileupload/1.4/commons-fileupload-1.4.jar:/home/DetoxV2/.m2/repository/org/springframework/cloud/spring-cloud-commons/3.1.6/spring-cloud-commons-3.1.6.jar:/home/DetoxV2/.m2/repository/org/springframework/security/spring-security-crypto/5.7.8/spring-security-crypto-5.7.8.jar:/home/DetoxV2/.m2/repository/io/github/openfeign/feign-core/11.10/feign-core-11.10.jar:/home/DetoxV2/.m2/repository/io/github/openfeign/feign-slf4j/11.10/feign-slf4j-11.10.jar:/home/DetoxV2/.m2/repository/org/slf4j/slf4j-api/1.7.36/slf4j-api-1.7.36.jar:/home/DetoxV2/.m2/repository/com/fasterxml/jackson/dataformat/jackson-dataformat-xml/2.13.5/jackson-dataformat-xml-2.13.5.jar:/home/DetoxV2/.m2/repository/com/fasterxml/jackson/core/jackson-core/2.13.5/jackson-core-2.13.5.jar:/home/DetoxV2/.m2/repository/com/fasterxml/jackson/core/jackson-annotations/2.13.5/jackson-annotations-2.13.5.jar:/home/DetoxV2/.m2/repository/com/fasterxml/jackson/core/jackson-databind/2.13.5/jackson-databind-2.13.5.jar:/home/DetoxV2/.m2/repository/org/codehaus/woodstox/stax2-api/4.2.1/stax2-api-4.2.1.jar:/home/DetoxV2/.m2/repository/com/fasterxml/woodstox/woodstox-core/6.4.0/woodstox-core-6.4.0.jar:/home/DetoxV2/.m2/repository/org/springframework/boot/spring-boot-starter-test/2.7.12-SNAPSHOT/spring-boot-starter-test-2.7.12-SNAPSHOT.jar:/home/DetoxV2/.m2/repository/org/springframework/boot/spring-boot-test/2.7.12-SNAPSHOT/spring-boot-test-2.7.12-SNAPSHOT.jar:/home/DetoxV2/.m2/repository/org/springframework/boot/spring-boot-test-autoconfigure/2.7.12-SNAPSHOT/spring-boot-test-autoconfigure-2.7.12-SNAPSHOT.jar:/home/DetoxV2/.m2/repository/com/jayway/jsonpath/json-path/2.7.0/json-path-2.7.0.jar:/home/DetoxV2/.m2/repository/net/minidev/json-smart/2.4.10/json-smart-2.4.10.jar:/home/DetoxV2/.m2/repository/net/minidev/accessors-smart/2.4.9/accessors-smart-2.4.9.jar:/home/DetoxV2/.m2/repository/org/ow2/asm/asm/9.3/asm-9.3.jar:/home/DetoxV2/.m2/repository/jakarta/xml/bind/jakarta.xml.bind-api/2.3.3/jakarta.xml.bind-api-2.3.3.jar:/home/DetoxV2/.m2/repository/jakarta/activation/jakarta.activation-api/1.2.2/jakarta.activation-api-1.2.2.jar:/home/DetoxV2/.m2/repository/org/assertj/assertj-core/3.22.0/assertj-core-3.22.0.jar:/home/DetoxV2/.m2/repository/org/hamcrest/hamcrest/2.2/hamcrest-2.2.jar:/home/DetoxV2/.m2/repository/org/junit/jupiter/junit-jupiter/5.8.2/junit-jupiter-5.8.2.jar:/home/DetoxV2/.m2/repository/org/junit/jupiter/junit-jupiter-api/5.8.2/junit-jupiter-api-5.8.2.jar:/home/DetoxV2/.m2/repository/org/opentest4j/opentest4j/1.2.0/opentest4j-1.2.0.jar:/home/DetoxV2/.m2/repository/org/junit/platform/junit-platform-commons/1.8.2/junit-platform-commons-1.8.2.jar:/home/DetoxV2/.m2/repository/org/apiguardian/apiguardian-api/1.1.2/apiguardian-api-1.1.2.jar:/home/DetoxV2/.m2/repository/org/junit/jupiter/junit-jupiter-params/5.8.2/junit-jupiter-params-5.8.2.jar:/home/DetoxV2/.m2/repository/org/junit/jupiter/junit-jupiter-engine/5.8.2/junit-jupiter-engine-5.8.2.jar:/home/DetoxV2/.m2/repository/org/junit/platform/junit-platform-engine/1.8.2/junit-platform-engine-1.8.2.jar:/home/DetoxV2/.m2/repository/org/mockito/mockito-core/4.5.1/mockito-core-4.5.1.jar:/home/DetoxV2/.m2/repository/net/bytebuddy/byte-buddy/1.12.23/byte-buddy-1.12.23.jar:/home/DetoxV2/.m2/repository/net/bytebuddy/byte-buddy-agent/1.12.23/byte-buddy-agent-1.12.23.jar:/home/DetoxV2/.m2/repository/org/objenesis/objenesis/3.2/objenesis-3.2.jar:/home/DetoxV2/.m2/repository/org/mockito/mockito-junit-jupiter/4.5.1/mockito-junit-jupiter-4.5.1.jar:/home/DetoxV2/.m2/repository/org/skyscreamer/jsonassert/1.5.1/jsonassert-1.5.1.jar:/home/DetoxV2/.m2/repository/com/vaadin/external/google/android-json/0.0.20131108.vaadin1/android-json-0.0.20131108.vaadin1.jar:/home/DetoxV2/.m2/repository/org/springframework/spring-core/5.3.27/spring-core-5.3.27.jar:/home/DetoxV2/.m2/repository/org/springframework/spring-jcl/5.3.27/spring-jcl-5.3.27.jar:/home/DetoxV2/.m2/repository/org/springframework/spring-test/5.3.27/spring-test-5.3.27.jar:/home/DetoxV2/.m2/repository/org/xmlunit/xmlunit-core/2.9.1/xmlunit-core-2.9.1.jar:"/>
    <property name="java.vm.vendor" value="Eclipse Adoptium"/>
    <property name="sun.arch.data.model" value="64"/>
    <property name="java.vendor.url" value="https://adoptium.net/"/>
    <property name="os.name" value="Linux"/>
    <property name="java.vm.specification.version" value="17"/>
    <property name="sun.java.launcher" value="SUN_STANDARD"/>
    <property name="user.country" value="US"/>
    <property name="sun.boot.library.path" value="/home/DetoxV2/Software/sts-4.14.1.RELEASE/plugins/org.eclipse.justj.openjdk.hotspot.jre.full.linux.x86_64_17.0.2.v20220201-1208/jre/lib"/>
    <property name="sun.java.command" value="/home/DetoxV2/Desktop/Loptop_Work/Work/eclipse-workspace/Microservice/WeatherClient-microsevices/target/surefire/surefirebooter11754895728422973689.jar /home/DetoxV2/Desktop/Loptop_Work/Work/eclipse-workspace/Microservice/WeatherClient-microsevices/target/surefire 2023-04-26T19-09-03_157-jvmRun1 surefire4790617274303751658tmp surefire_03507483716707278416tmp"/>
    <property name="jdk.debug" value="release"/>
    <property name="surefire.test.class.path" value="/home/DetoxV2/Desktop/Loptop_Work/Work/eclipse-workspace/Microservice/WeatherClient-microsevices/target/test-classes:/home/DetoxV2/Desktop/Loptop_Work/Work/eclipse-workspace/Microservice/WeatherClient-microsevices/target/classes:/home/DetoxV2/.m2/repository/org/springframework/boot/spring-boot-starter-web/2.7.12-SNAPSHOT/spring-boot-starter-web-2.7.12-SNAPSHOT.jar:/home/DetoxV2/.m2/repository/org/springframework/boot/spring-boot-starter/2.7.12-SNAPSHOT/spring-boot-starter-2.7.12-SNAPSHOT.jar:/home/DetoxV2/.m2/repository/org/springframework/boot/spring-boot/2.7.12-SNAPSHOT/spring-boot-2.7.12-SNAPSHOT.jar:/home/DetoxV2/.m2/repository/org/springframework/boot/spring-boot-autoconfigure/2.7.12-SNAPSHOT/spring-boot-autoconfigure-2.7.12-SNAPSHOT.jar:/home/DetoxV2/.m2/repository/org/springframework/boot/spring-boot-starter-logging/2.7.12-SNAPSHOT/spring-boot-starter-logging-2.7.12-SNAPSHOT.jar:/home/DetoxV2/.m2/repository/ch/qos/logback/logback-classic/1.2.12/logback-classic-1.2.12.jar:/home/DetoxV2/.m2/repository/ch/qos/logback/logback-core/1.2.12/logback-core-1.2.12.jar:/home/DetoxV2/.m2/repository/org/apache/logging/log4j/log4j-to-slf4j/2.17.2/log4j-to-slf4j-2.17.2.jar:/home/DetoxV2/.m2/repository/org/apache/logging/log4j/log4j-api/2.17.2/log4j-api-2.17.2.jar:/home/DetoxV2/.m2/repository/org/slf4j/jul-to-slf4j/1.7.36/jul-to-slf4j-1.7.36.jar:/home/DetoxV2/.m2/repository/jakarta/annotation/jakarta.annotation-api/1.3.5/jakarta.annotation-api-1.3.5.jar:/home/DetoxV2/.m2/repository/org/yaml/snakeyaml/1.30/snakeyaml-1.30.jar:/home/DetoxV2/.m2/repository/org/springframework/boot/spring-boot-starter-json/2.7.12-SNAPSHOT/spring-boot-starter-json-2.7.12-SNAPSHOT.jar:/home/DetoxV2/.m2/repository/com/fasterxml/jackson/datatype/jackson-datatype-jdk8/2.13.5/jackson-datatype-jdk8-2.13.5.jar:/home/DetoxV2/.m2/repository/com/fasterxml/jackson/datatype/jackson-datatype-jsr310/2.13.5/jackson-datatype-jsr310-2.13.5.jar:/home/DetoxV2/.m2/repository/com/fasterxml/jackson/module/jackson-module-parameter-names/2.13.5/jackson-module-parameter-names-2.13.5.jar:/home/DetoxV2/.m2/repository/org/springframework/boot/spring-boot-starter-tomcat/2.7.12-SNAPSHOT/spring-boot-starter-tomcat-2.7.12-SNAPSHOT.jar:/home/DetoxV2/.m2/repository/org/apache/tomcat/embed/tomcat-embed-core/9.0.74/tomcat-embed-core-9.0.74.jar:/home/DetoxV2/.m2/repository/org/apache/tomcat/embed/tomcat-embed-el/9.0.74/tomcat-embed-el-9.0.74.jar:/home/DetoxV2/.m2/repository/org/apache/tomcat/embed/tomcat-embed-websocket/9.0.74/tomcat-embed-websocket-9.0.74.jar:/home/DetoxV2/.m2/repository/org/springframework/spring-web/5.3.27/spring-web-5.3.27.jar:/home/DetoxV2/.m2/repository/org/springframework/spring-beans/5.3.27/spring-beans-5.3.27.jar:/home/DetoxV2/.m2/repository/org/springframework/spring-webmvc/5.3.27/spring-webmvc-5.3.27.jar:/home/DetoxV2/.m2/repository/org/springframework/spring-aop/5.3.27/spring-aop-5.3.27.jar:/home/DetoxV2/.m2/repository/org/springframework/spring-context/5.3.27/spring-context-5.3.27.jar:/home/DetoxV2/.m2/repository/org/springframework/spring-expression/5.3.27/spring-expression-5.3.27.jar:/home/DetoxV2/.m2/repository/org/springframework/cloud/spring-cloud-starter-netflix-eureka-client/3.1.5/spring-cloud-starter-netflix-eureka-client-3.1.5.jar:/home/DetoxV2/.m2/repository/org/springframework/cloud/spring-cloud-starter/3.1.6/spring-cloud-starter-3.1.6.jar:/home/DetoxV2/.m2/repository/org/springframework/cloud/spring-cloud-context/3.1.6/spring-cloud-context-3.1.6.jar:/home/DetoxV2/.m2/repository/org/springframework/security/spring-security-rsa/1.0.11.RELEASE/spring-security-rsa-1.0.11.RELEASE.jar:/home/DetoxV2/.m2/repository/org/bouncycastle/bcpkix-jdk15on/1.69/bcpkix-jdk15on-1.69.jar:/home/DetoxV2/.m2/repository/org/bouncycastle/bcprov-jdk15on/1.69/bcprov-jdk15on-1.69.jar:/home/DetoxV2/.m2/repository/org/bouncycastle/bcutil-jdk15on/1.69/bcutil-jdk15on-1.69.jar:/home/DetoxV2/.m2/repository/org/springframework/cloud/spring-cloud-netflix-eureka-client/3.1.5/spring-cloud-netflix-eureka-client-3.1.5.jar:/home/DetoxV2/.m2/repository/com/netflix/eureka/eureka-client/1.10.17/eureka-client-1.10.17.jar:/home/DetoxV2/.m2/repository/com/netflix/netflix-commons/netflix-eventbus/0.3.0/netflix-eventbus-0.3.0.jar:/home/DetoxV2/.m2/repository/com/netflix/netflix-commons/netflix-infix/0.3.0/netflix-infix-0.3.0.jar:/home/DetoxV2/.m2/repository/commons-jxpath/commons-jxpath/1.3/commons-jxpath-1.3.jar:/home/DetoxV2/.m2/repository/joda-time/joda-time/2.3/joda-time-2.3.jar:/home/DetoxV2/.m2/repository/org/antlr/antlr-runtime/3.4/antlr-runtime-3.4.jar:/home/DetoxV2/.m2/repository/org/antlr/stringtemplate/3.2.1/stringtemplate-3.2.1.jar:/home/DetoxV2/.m2/repository/antlr/antlr/2.7.7/antlr-2.7.7.jar:/home/DetoxV2/.m2/repository/com/google/code/gson/gson/2.9.1/gson-2.9.1.jar:/home/DetoxV2/.m2/repository/org/apache/commons/commons-math/2.2/commons-math-2.2.jar:/home/DetoxV2/.m2/repository/com/thoughtworks/xstream/xstream/1.4.18/xstream-1.4.18.jar:/home/DetoxV2/.m2/repository/io/github/x-stream/mxparser/1.2.2/mxparser-1.2.2.jar:/home/DetoxV2/.m2/repository/xmlpull/xmlpull/1.1.3.1/xmlpull-1.1.3.1.jar:/home/DetoxV2/.m2/repository/javax/ws/rs/jsr311-api/1.1.1/jsr311-api-1.1.1.jar:/home/DetoxV2/.m2/repository/com/netflix/servo/servo-core/0.12.21/servo-core-0.12.21.jar:/home/DetoxV2/.m2/repository/com/google/guava/guava/19.0/guava-19.0.jar:/home/DetoxV2/.m2/repository/org/apache/httpcomponents/httpclient/4.5.14/httpclient-4.5.14.jar:/home/DetoxV2/.m2/repository/org/apache/httpcomponents/httpcore/4.4.16/httpcore-4.4.16.jar:/home/DetoxV2/.m2/repository/commons-codec/commons-codec/1.15/commons-codec-1.15.jar:/home/DetoxV2/.m2/repository/commons-configuration/commons-configuration/1.10/commons-configuration-1.10.jar:/home/DetoxV2/.m2/repository/commons-lang/commons-lang/2.6/commons-lang-2.6.jar:/home/DetoxV2/.m2/repository/com/google/inject/guice/4.1.0/guice-4.1.0.jar:/home/DetoxV2/.m2/repository/javax/inject/javax.inject/1/javax.inject-1.jar:/home/DetoxV2/.m2/repository/org/codehaus/jettison/jettison/1.4.0/jettison-1.4.0.jar:/home/DetoxV2/.m2/repository/com/netflix/eureka/eureka-core/1.10.17/eureka-core-1.10.17.jar:/home/DetoxV2/.m2/repository/org/springframework/cloud/spring-cloud-starter-loadbalancer/3.1.6/spring-cloud-starter-loadbalancer-3.1.6.jar:/home/DetoxV2/.m2/repository/org/springframework/cloud/spring-cloud-loadbalancer/3.1.6/spring-cloud-loadbalancer-3.1.6.jar:/home/DetoxV2/.m2/repository/io/projectreactor/reactor-core/3.4.29/reactor-core-3.4.29.jar:/home/DetoxV2/.m2/repository/org/reactivestreams/reactive-streams/1.0.4/reactive-streams-1.0.4.jar:/home/DetoxV2/.m2/repository/io/projectreactor/addons/reactor-extra/3.4.10/reactor-extra-3.4.10.jar:/home/DetoxV2/.m2/repository/org/springframework/boot/spring-boot-starter-cache/2.7.12-SNAPSHOT/spring-boot-starter-cache-2.7.12-SNAPSHOT.jar:/home/DetoxV2/.m2/repository/org/springframework/spring-context-support/5.3.27/spring-context-support-5.3.27.jar:/home/DetoxV2/.m2/repository/com/stoyanr/evictor/1.0.0/evictor-1.0.0.jar:/home/DetoxV2/.m2/repository/org/springframework/cloud/spring-cloud-starter-openfeign/3.1.6/spring-cloud-starter-openfeign-3.1.6.jar:/home/DetoxV2/.m2/repository/org/springframework/cloud/spring-cloud-openfeign-core/3.1.6/spring-cloud-openfeign-core-3.1.6.jar:/home/DetoxV2/.m2/repository/org/springframework/boot/spring-boot-starter-aop/2.7.12-SNAPSHOT/spring-boot-starter-aop-2.7.12-SNAPSHOT.jar:/home/DetoxV2/.m2/repository/org/aspectj/aspectjweaver/1.9.7/aspectjweaver-1.9.7.jar:/home/DetoxV2/.m2/repository/io/github/openfeign/form/feign-form-spring/3.8.0/feign-form-spring-3.8.0.jar:/home/DetoxV2/.m2/repository/io/github/openfeign/form/feign-form/3.8.0/feign-form-3.8.0.jar:/home/DetoxV2/.m2/repository/commons-fileupload/commons-fileupload/1.4/commons-fileupload-1.4.jar:/home/DetoxV2/.m2/repository/org/springframework/cloud/spring-cloud-commons/3.1.6/spring-cloud-commons-3.1.6.jar:/home/DetoxV2/.m2/repository/org/springframework/security/spring-security-crypto/5.7.8/spring-security-crypto-5.7.8.jar:/home/DetoxV2/.m2/repository/io/github/openfeign/feign-core/11.10/feign-core-11.10.jar:/home/DetoxV2/.m2/repository/io/github/openfeign/feign-slf4j/11.10/feign-slf4j-11.10.jar:/home/DetoxV2/.m2/repository/org/slf4j/slf4j-api/1.7.36/slf4j-api-1.7.36.jar:/home/DetoxV2/.m2/repository/com/fasterxml/jackson/dataformat/jackson-dataformat-xml/2.13.5/jackson-dataformat-xml-2.13.5.jar:/home/DetoxV2/.m2/repository/com/fasterxml/jackson/core/jackson-core/2.13.5/jackson-core-2.13.5.jar:/home/DetoxV2/.m2/repository/com/fasterxml/jackson/core/jackson-annotations/2.13.5/jackson-annotations-2.13.5.jar:/home/DetoxV2/.m2/repository/com/fasterxml/jackson/core/jackson-databind/2.13.5/jackson-databind-2.13.5.jar:/home/DetoxV2/.m2/repository/org/codehaus/woodstox/stax2-api/4.2.1/stax2-api-4.2.1.jar:/home/DetoxV2/.m2/repository/com/fasterxml/woodstox/woodstox-core/6.4.0/woodstox-core-6.4.0.jar:/home/DetoxV2/.m2/repository/org/springframework/boot/spring-boot-starter-test/2.7.12-SNAPSHOT/spring-boot-starter-test-2.7.12-SNAPSHOT.jar:/home/DetoxV2/.m2/repository/org/springframework/boot/spring-boot-test/2.7.12-SNAPSHOT/spring-boot-test-2.7.12-SNAPSHOT.jar:/home/DetoxV2/.m2/repository/org/springframework/boot/spring-boot-test-autoconfigure/2.7.12-SNAPSHOT/spring-boot-test-autoconfigure-2.7.12-SNAPSHOT.jar:/home/DetoxV2/.m2/repository/com/jayway/jsonpath/json-path/2.7.0/json-path-2.7.0.jar:/home/DetoxV2/.m2/repository/net/minidev/json-smart/2.4.10/json-smart-2.4.10.jar:/home/DetoxV2/.m2/repository/net/minidev/accessors-smart/2.4.9/accessors-smart-2.4.9.jar:/home/DetoxV2/.m2/repository/org/ow2/asm/asm/9.3/asm-9.3.jar:/home/DetoxV2/.m2/repository/jakarta/xml/bind/jakarta.xml.bind-api/2.3.3/jakarta.xml.bind-api-2.3.3.jar:/home/DetoxV2/.m2/repository/jakarta/activation/jakarta.activation-api/1.2.2/jakarta.activation-api-1.2.2.jar:/home/DetoxV2/.m2/repository/org/assertj/assertj-core/3.22.0/assertj-core-3.22.0.jar:/home/DetoxV2/.m2/repository/org/hamcrest/hamcrest/2.2/hamcrest-2.2.jar:/home/DetoxV2/.m2/repository/org/junit/jupiter/junit-jupiter/5.8.2/junit-jupiter-5.8.2.jar:/home/DetoxV2/.m2/repository/org/junit/jupiter/junit-jupiter-api/5.8.2/junit-jupiter-api-5.8.2.jar:/home/DetoxV2/.m2/repository/org/opentest4j/opentest4j/1.2.0/opentest4j-1.2.0.jar:/home/DetoxV2/.m2/repository/org/junit/platform/junit-platform-commons/1.8.2/junit-platform-commons-1.8.2.jar:/home/DetoxV2/.m2/repository/org/apiguardian/apiguardian-api/1.1.2/apiguardian-api-1.1.2.jar:/home/DetoxV2/.m2/repository/org/junit/jupiter/junit-jupiter-params/5.8.2/junit-jupiter-params-5.8.2.jar:/home/DetoxV2/.m2/repository/org/junit/jupiter/junit-jupiter-engine/5.8.2/junit-jupiter-engine-5.8.2.jar:/home/DetoxV2/.m2/repository/org/junit/platform/junit-platform-engine/1.8.2/junit-platform-engine-1.8.2.jar:/home/DetoxV2/.m2/repository/org/mockito/mockito-core/4.5.1/mockito-core-4.5.1.jar:/home/DetoxV2/.m2/repository/net/bytebuddy/byte-buddy/1.12.23/byte-buddy-1.12.23.jar:/home/DetoxV2/.m2/repository/net/bytebuddy/byte-buddy-agent/1.12.23/byte-buddy-agent-1.12.23.jar:/home/DetoxV2/.m2/repository/org/objenesis/objenesis/3.2/objenesis-3.2.jar:/home/DetoxV2/.m2/repository/org/mockito/mockito-junit-jupiter/4.5.1/mockito-junit-jupiter-4.5.1.jar:/home/DetoxV2/.m2/repository/org/skyscreamer/jsonassert/1.5.1/jsonassert-1.5.1.jar:/home/DetoxV2/.m2/repository/com/vaadin/external/google/android-json/0.0.20131108.vaadin1/android-json-0.0.20131108.vaadin1.jar:/home/DetoxV2/.m2/repository/org/springframework/spring-core/5.3.27/spring-core-5.3.27.jar:/home/DetoxV2/.m2/repository/org/springframework/spring-jcl/5.3.27/spring-jcl-5.3.27.jar:/home/DetoxV2/.m2/repository/org/springframework/spring-test/5.3.27/spring-test-5.3.27.jar:/home/DetoxV2/.m2/repository/org/xmlunit/xmlunit-core/2.9.1/xmlunit-core-2.9.1.jar:"/>
    <property name="sun.cpu.endian" value="little"/>
    <property name="user.home" value="/home/DetoxV2"/>
    <property name="user.language" value="en"/>
    <property name="java.specification.vendor" value="Oracle Corporation"/>
    <property name="java.version.date" value="2022-01-18"/>
    <property name="java.home" value="/home/DetoxV2/Software/sts-4.14.1.RELEASE/plugins/org.eclipse.justj.openjdk.hotspot.jre.full.linux.x86_64_17.0.2.v20220201-1208/jre"/>
    <property name="file.separator" value="/"/>
    <property name="style.color" value="always"/>
    <property name="basedir" value="/home/DetoxV2/Desktop/Loptop_Work/Work/eclipse-workspace/Microservice/WeatherClient-microsevices"/>
    <property name="java.vm.compressedOopsMode" value="32-bit"/>
    <property name="line.separator" value="&#10;"/>
    <property name="java.vm.specification.vendor" value="Oracle Corporation"/>
    <property name="java.specification.name" value="Java Platform API Specification"/>
    <property name="surefire.real.class.path" value="/home/DetoxV2/Desktop/Loptop_Work/Work/eclipse-workspace/Microservice/WeatherClient-microsevices/target/surefire/surefirebooter11754895728422973689.jar"/>
    <property name="sun.management.compiler" value="HotSpot 64-Bit Tiered Compilers"/>
    <property name="java.runtime.version" value="17.0.2+8"/>
    <property name="user.name" value="DetoxV2"/>
    <property name="path.separator" value=":"/>
    <property name="os.version" value="5.10.0-14-amd64"/>
    <property name="java.runtime.name" value="OpenJDK Runtime Environment"/>
    <property name="file.encoding" value="UTF-8"/>
    <property name="java.vm.name" value="OpenJDK 64-Bit Server VM"/>
    <property name="java.vendor.version" value="Temurin-17.0.2+8"/>
    <property name="localRepository" value="/home/DetoxV2/.m2/repository"/>
    <property name="java.vendor.url.bug" value="https://github.com/adoptium/adoptium-support/issues"/>
    <property name="java.io.tmpdir" value="/tmp"/>
    <property name="java.version" value="17.0.2"/>
    <property name="user.dir" value="/home/DetoxV2/Desktop/Loptop_Work/Work/eclipse-workspace/Microservice/WeatherClient-microsevices"/>
    <property name="os.arch" value="amd64"/>
    <property name="java.vm.specification.name" value="Java Virtual Machine Specification"/>
    <property name="native.encoding" value="UTF-8"/>
    <property name="java.library.path" value="/usr/java/packages/lib:/usr/lib64:/lib64:/lib:/usr/lib"/>
    <property name="java.vm.info" value="mixed mode"/>
    <property name="java.vendor" value="Eclipse Adoptium"/>
    <property name="java.vm.version" value="17.0.2+8"/>
    <property name="sun.io.unicode.encoding" value="UnicodeLittle"/>
    <property name="java.class.version" value="61.0"/>
  </properties>
  <testcase name="contextLoads" classname="com.java.net.WeatherClientMicrosevicesApplicationTests" time="0.012">
    <error message="Failed to load ApplicationContext" type="java.lang.IllegalStateException">java.lang.IllegalStateException: Failed to load ApplicationContext
Caused by: org.springframework.beans.factory.UnsatisfiedDependencyException: Error creating bean with name 'weatherController': Unsatisfied dependency expressed through field 'weatherService'; nested exception is org.springframework.beans.factory.UnsatisfiedDependencyException: Error creating bean with name 'weatherService': Unsatisfied dependency expressed through field 'weatherClient'; nested exception is org.springframework.beans.factory.NoSuchBeanDefinitionException: No qualifying bean of type 'com.java.net.client.WeatherClient' available: expected at least 1 bean which qualifies as autowire candidate. Dependency annotations: {@org.springframework.beans.factory.annotation.Autowired(required=true)}
Caused by: org.springframework.beans.factory.UnsatisfiedDependencyException: Error creating bean with name 'weatherService': Unsatisfied dependency expressed through field 'weatherClient'; nested exception is org.springframework.beans.factory.NoSuchBeanDefinitionException: No qualifying bean of type 'com.java.net.client.WeatherClient' available: expected at least 1 bean which qualifies as autowire candidate. Dependency annotations: {@org.springframework.beans.factory.annotation.Autowired(required=true)}
Caused by: org.springframework.beans.factory.NoSuchBeanDefinitionException: No qualifying bean of type 'com.java.net.client.WeatherClient' available: expected at least 1 bean which qualifies as autowire candidate. Dependency annotations: {@org.springframework.beans.factory.annotation.Autowired(required=true)}
</error>
    <system-out><![CDATA[19:09:04.451 [main] DEBUG org.springframework.test.context.BootstrapUtils - Instantiating CacheAwareContextLoaderDelegate from class [org.springframework.test.context.cache.DefaultCacheAwareContextLoaderDelegate]
19:09:04.473 [main] DEBUG org.springframework.test.context.BootstrapUtils - Instantiating BootstrapContext using constructor [public org.springframework.test.context.support.DefaultBootstrapContext(java.lang.Class,org.springframework.test.context.CacheAwareContextLoaderDelegate)]
19:09:04.581 [main] DEBUG org.springframework.test.context.BootstrapUtils - Instantiating TestContextBootstrapper for test class [com.java.net.WeatherClientMicrosevicesApplicationTests] from class [org.springframework.boot.test.context.SpringBootTestContextBootstrapper]
19:09:04.604 [main] INFO org.springframework.boot.test.context.SpringBootTestContextBootstrapper - Neither @ContextConfiguration nor @ContextHierarchy found for test class [com.java.net.WeatherClientMicrosevicesApplicationTests], using SpringBootContextLoader
19:09:04.610 [main] DEBUG org.springframework.test.context.support.AbstractContextLoader - Did not detect default resource location for test class [com.java.net.WeatherClientMicrosevicesApplicationTests]: class path resource [com/java/net/WeatherClientMicrosevicesApplicationTests-context.xml] does not exist
19:09:04.611 [main] DEBUG org.springframework.test.context.support.AbstractContextLoader - Did not detect default resource location for test class [com.java.net.WeatherClientMicrosevicesApplicationTests]: class path resource [com/java/net/WeatherClientMicrosevicesApplicationTestsContext.groovy] does not exist
19:09:04.611 [main] INFO org.springframework.test.context.support.AbstractContextLoader - Could not detect default resource locations for test class [com.java.net.WeatherClientMicrosevicesApplicationTests]: no resource found for suffixes {-context.xml, Context.groovy}.
19:09:04.612 [main] INFO org.springframework.test.context.support.AnnotationConfigContextLoaderUtils - Could not detect default configuration classes for test class [com.java.net.WeatherClientMicrosevicesApplicationTests]: WeatherClientMicrosevicesApplicationTests does not declare any static, non-private, non-final, nested classes annotated with @Configuration.
19:09:04.663 [main] DEBUG org.springframework.test.context.support.ActiveProfilesUtils - Could not find an 'annotation declaring class' for annotation type [org.springframework.test.context.ActiveProfiles] and class [com.java.net.WeatherClientMicrosevicesApplicationTests]
19:09:04.732 [main] DEBUG org.springframework.context.annotation.ClassPathScanningCandidateComponentProvider - Identified candidate component class: file [/home/DetoxV2/Desktop/Loptop_Work/Work/eclipse-workspace/Microservice/WeatherClient-microsevices/target/classes/com/java/net/WeatherClientMicrosevicesApplication.class]
19:09:04.733 [main] INFO org.springframework.boot.test.context.SpringBootTestContextBootstrapper - Found @SpringBootConfiguration com.java.net.WeatherClientMicrosevicesApplication for test class com.java.net.WeatherClientMicrosevicesApplicationTests
19:09:04.875 [main] DEBUG org.springframework.boot.test.context.SpringBootTestContextBootstrapper - @TestExecutionListeners is not present for class [com.java.net.WeatherClientMicrosevicesApplicationTests]: using defaults.
19:09:04.875 [main] INFO org.springframework.boot.test.context.SpringBootTestContextBootstrapper - Loaded default TestExecutionListener class names from location [META-INF/spring.factories]: [org.springframework.boot.test.mock.mockito.MockitoTestExecutionListener, org.springframework.boot.test.mock.mockito.ResetMocksTestExecutionListener, org.springframework.boot.test.autoconfigure.restdocs.RestDocsTestExecutionListener, org.springframework.boot.test.autoconfigure.web.client.MockRestServiceServerResetTestExecutionListener, org.springframework.boot.test.autoconfigure.web.servlet.MockMvcPrintOnlyOnFailureTestExecutionListener, org.springframework.boot.test.autoconfigure.web.servlet.WebDriverTestExecutionListener, org.springframework.boot.test.autoconfigure.webservices.client.MockWebServiceServerTestExecutionListener, org.springframework.test.context.web.ServletTestExecutionListener, org.springframework.test.context.support.DirtiesContextBeforeModesTestExecutionListener, org.springframework.test.context.event.ApplicationEventsTestExecutionListener, org.springframework.test.context.support.DependencyInjectionTestExecutionListener, org.springframework.test.context.support.DirtiesContextTestExecutionListener, org.springframework.test.context.transaction.TransactionalTestExecutionListener, org.springframework.test.context.jdbc.SqlScriptsTestExecutionListener, org.springframework.test.context.event.EventPublishingTestExecutionListener]
19:09:04.888 [main] DEBUG org.springframework.boot.test.context.SpringBootTestContextBootstrapper - Skipping candidate TestExecutionListener [org.springframework.test.context.transaction.TransactionalTestExecutionListener] due to a missing dependency. Specify custom listener classes or make the default listener classes and their required dependencies available. Offending class: [org/springframework/transaction/interceptor/TransactionAttributeSource]
19:09:04.889 [main] DEBUG org.springframework.boot.test.context.SpringBootTestContextBootstrapper - Skipping candidate TestExecutionListener [org.springframework.test.context.jdbc.SqlScriptsTestExecutionListener] due to a missing dependency. Specify custom listener classes or make the default listener classes and their required dependencies available. Offending class: [org/springframework/transaction/interceptor/TransactionAttribute]
19:09:04.889 [main] INFO org.springframework.boot.test.context.SpringBootTestContextBootstrapper - Using TestExecutionListeners: [org.springframework.test.context.web.ServletTestExecutionListener@4409e975, org.springframework.test.context.support.DirtiesContextBeforeModesTestExecutionListener@5c153b9e, org.springframework.test.context.event.ApplicationEventsTestExecutionListener@2a7686a7, org.springframework.boot.test.mock.mockito.MockitoTestExecutionListener@758a34ce, org.springframework.boot.test.autoconfigure.SpringBootDependencyInjectionTestExecutionListener@7ec3394b, org.springframework.test.context.support.DirtiesContextTestExecutionListener@bff34c6, org.springframework.test.context.event.EventPublishingTestExecutionListener@1522d8a0, org.springframework.boot.test.mock.mockito.ResetMocksTestExecutionListener@312ab28e, org.springframework.boot.test.autoconfigure.restdocs.RestDocsTestExecutionListener@5644dc81, org.springframework.boot.test.autoconfigure.web.client.MockRestServiceServerResetTestExecutionListener@246f8b8b, org.springframework.boot.test.autoconfigure.web.servlet.MockMvcPrintOnlyOnFailureTestExecutionListener@278bb07e, org.springframework.boot.test.autoconfigure.web.servlet.WebDriverTestExecutionListener@4351c8c3, org.springframework.boot.test.autoconfigure.webservices.client.MockWebServiceServerTestExecutionListener@3381b4fc]
19:09:04.893 [main] DEBUG org.springframework.test.context.support.AbstractDirtiesContextTestExecutionListener - Before test class: context [DefaultTestContext@5bd82fed testClass = WeatherClientMicrosevicesApplicationTests, testInstance = [null], testMethod = [null], testException = [null], mergedContextConfiguration = [WebMergedContextConfiguration@c1bd0be testClass = WeatherClientMicrosevicesApplicationTests, locations = '{}', classes = '{class com.java.net.WeatherClientMicrosevicesApplication}', contextInitializerClasses = '[]', activeProfiles = '{}', propertySourceLocations = '{}', propertySourceProperties = '{org.springframework.boot.test.context.SpringBootTestContextBootstrapper=true}', contextCustomizers = set[org.springframework.boot.test.context.filter.ExcludeFilterContextCustomizer@4c5ae43b, org.springframework.boot.test.json.DuplicateJsonObjectContextCustomizerFactory$DuplicateJsonObjectContextCustomizer@b86de0d, org.springframework.boot.test.mock.mockito.MockitoContextCustomizer@0, org.springframework.boot.test.web.client.TestRestTemplateContextCustomizer@456d6c1e, org.springframework.boot.test.autoconfigure.actuate.metrics.MetricsExportContextCustomizerFactory$DisableMetricExportContextCustomizer@dc9876b, org.springframework.boot.test.autoconfigure.properties.PropertyMappingContextCustomizer@0, org.springframework.boot.test.autoconfigure.web.servlet.WebDriverContextCustomizerFactory$Customizer@7c3fdb62, org.springframework.boot.test.context.SpringBootTestArgs@1, org.springframework.boot.test.context.SpringBootTestWebEnvironment@6d2a209c], resourceBasePath = 'src/main/webapp', contextLoader = 'org.springframework.boot.test.context.SpringBootContextLoader', parent = [null]], attributes = map['org.springframework.test.context.web.ServletTestExecutionListener.activateListener' -> true]], class annotated with @DirtiesContext [false] with mode [null].

  .   ____          _            __ _ _
 /\\ / ___'_ __ _ _(_)_ __  __ _ \ \ \ \
( ( )\___ | '_ | '_| | '_ \/ _` | \ \ \ \
 \\/  ___)| |_)| | | | | || (_| |  ) ) ) )
  '  |____| .__|_| |_|_| |_\__, | / / / /
 =========|_|==============|___/=/_/_/_/
 :: Spring Boot ::      (v2.7.12-SNAPSHOT)

2023-04-26 19:09:05.627  INFO 11187 --- [           main] eatherClientMicrosevicesApplicationTests : Starting WeatherClientMicrosevicesApplicationTests using Java 17.0.2 on DetoxV2 with PID 11187 (started by DetoxV2 in /home/DetoxV2/Desktop/Loptop_Work/Work/eclipse-workspace/Microservice/WeatherClient-microsevices)
2023-04-26 19:09:05.629  INFO 11187 --- [           main] eatherClientMicrosevicesApplicationTests : No active profile set, falling back to 1 default profile: "default"
2023-04-26 19:09:06.672  INFO 11187 --- [           main] o.s.cloud.context.scope.GenericScope     : BeanFactory id=4dd9d5b9-f470-3f90-9dbb-26f56835f2cf
2023-04-26 19:09:06.926  WARN 11187 --- [           main] o.s.w.c.s.GenericWebApplicationContext   : Exception encountered during context initialization - cancelling refresh attempt: org.springframework.beans.factory.UnsatisfiedDependencyException: Error creating bean with name 'weatherController': Unsatisfied dependency expressed through field 'weatherService'; nested exception is org.springframework.beans.factory.UnsatisfiedDependencyException: Error creating bean with name 'weatherService': Unsatisfied dependency expressed through field 'weatherClient'; nested exception is org.springframework.beans.factory.NoSuchBeanDefinitionException: No qualifying bean of type 'com.java.net.client.WeatherClient' available: expected at least 1 bean which qualifies as autowire candidate. Dependency annotations: {@org.springframework.beans.factory.annotation.Autowired(required=true)}
2023-04-26 19:09:06.941  INFO 11187 --- [           main] ConditionEvaluationReportLoggingListener : 

Error starting ApplicationContext. To display the conditions report re-run your application with 'debug' enabled.
2023-04-26 19:09:06.965 ERROR 11187 --- [           main] o.s.b.d.LoggingFailureAnalysisReporter   : 

***************************
APPLICATION FAILED TO START
***************************

Description:

Field weatherClient in com.java.net.service.WeatherService required a bean of type 'com.java.net.client.WeatherClient' that could not be found.

The injection point has the following annotations:
	- @org.springframework.beans.factory.annotation.Autowired(required=true)


Action:

Consider defining a bean of type 'com.java.net.client.WeatherClient' in your configuration.

2023-04-26 19:09:06.972 ERROR 11187 --- [           main] o.s.test.context.TestContextManager      : Caught exception while allowing TestExecutionListener [org.springframework.test.context.web.ServletTestExecutionListener@4409e975] to prepare test instance [com.java.net.WeatherClientMicrosevicesApplicationTests@7c0777b5]

java.lang.IllegalStateException: Failed to load ApplicationContext
	at org.springframework.test.context.cache.DefaultCacheAwareContextLoaderDelegate.loadContext(DefaultCacheAwareContextLoaderDelegate.java:98) ~[spring-test-5.3.27.jar:5.3.27]
	at org.springframework.test.context.support.DefaultTestContext.getApplicationContext(DefaultTestContext.java:124) ~[spring-test-5.3.27.jar:5.3.27]
	at org.springframework.test.context.web.ServletTestExecutionListener.setUpRequestContextIfNecessary(ServletTestExecutionListener.java:190) ~[spring-test-5.3.27.jar:5.3.27]
	at org.springframework.test.context.web.ServletTestExecutionListener.prepareTestInstance(ServletTestExecutionListener.java:132) ~[spring-test-5.3.27.jar:5.3.27]
	at org.springframework.test.context.TestContextManager.prepareTestInstance(TestContextManager.java:248) ~[spring-test-5.3.27.jar:5.3.27]
	at org.springframework.test.context.junit.jupiter.SpringExtension.postProcessTestInstance(SpringExtension.java:138) ~[spring-test-5.3.27.jar:5.3.27]
	at org.junit.jupiter.engine.descriptor.ClassBasedTestDescriptor.lambda$invokeTestInstancePostProcessors$8(ClassBasedTestDescriptor.java:363) ~[junit-jupiter-engine-5.8.2.jar:5.8.2]
	at org.junit.jupiter.engine.descriptor.ClassBasedTestDescriptor.executeAndMaskThrowable(ClassBasedTestDescriptor.java:368) ~[junit-jupiter-engine-5.8.2.jar:5.8.2]
	at org.junit.jupiter.engine.descriptor.ClassBasedTestDescriptor.lambda$invokeTestInstancePostProcessors$9(ClassBasedTestDescriptor.java:363) ~[junit-jupiter-engine-5.8.2.jar:5.8.2]
	at java.base/java.util.stream.ReferencePipeline$3$1.accept(ReferencePipeline.java:197) ~[na:na]
	at java.base/java.util.stream.ReferencePipeline$2$1.accept(ReferencePipeline.java:179) ~[na:na]
	at java.base/java.util.ArrayList$ArrayListSpliterator.forEachRemaining(ArrayList.java:1625) ~[na:na]
	at java.base/java.util.stream.AbstractPipeline.copyInto(AbstractPipeline.java:509) ~[na:na]
	at java.base/java.util.stream.AbstractPipeline.wrapAndCopyInto(AbstractPipeline.java:499) ~[na:na]
	at java.base/java.util.stream.StreamSpliterators$WrappingSpliterator.forEachRemaining(StreamSpliterators.java:310) ~[na:na]
	at java.base/java.util.stream.Streams$ConcatSpliterator.forEachRemaining(Streams.java:735) ~[na:na]
	at java.base/java.util.stream.Streams$ConcatSpliterator.forEachRemaining(Streams.java:734) ~[na:na]
	at java.base/java.util.stream.ReferencePipeline$Head.forEach(ReferencePipeline.java:762) ~[na:na]
	at org.junit.jupiter.engine.descriptor.ClassBasedTestDescriptor.invokeTestInstancePostProcessors(ClassBasedTestDescriptor.java:362) ~[junit-jupiter-engine-5.8.2.jar:5.8.2]
	at org.junit.jupiter.engine.descriptor.ClassBasedTestDescriptor.lambda$instantiateAndPostProcessTestInstance$6(ClassBasedTestDescriptor.java:283) ~[junit-jupiter-engine-5.8.2.jar:5.8.2]
	at org.junit.platform.engine.support.hierarchical.ThrowableCollector.execute(ThrowableCollector.java:73) ~[junit-platform-engine-1.8.2.jar:1.8.2]
	at org.junit.jupiter.engine.descriptor.ClassBasedTestDescriptor.instantiateAndPostProcessTestInstance(ClassBasedTestDescriptor.java:282) ~[junit-jupiter-engine-5.8.2.jar:5.8.2]
	at org.junit.jupiter.engine.descriptor.ClassBasedTestDescriptor.lambda$testInstancesProvider$4(ClassBasedTestDescriptor.java:272) ~[junit-jupiter-engine-5.8.2.jar:5.8.2]
	at java.base/java.util.Optional.orElseGet(Optional.java:364) ~[na:na]
	at org.junit.jupiter.engine.descriptor.ClassBasedTestDescriptor.lambda$testInstancesProvider$5(ClassBasedTestDescriptor.java:271) ~[junit-jupiter-engine-5.8.2.jar:5.8.2]
	at org.junit.jupiter.engine.execution.TestInstancesProvider.getTestInstances(TestInstancesProvider.java:31) ~[junit-jupiter-engine-5.8.2.jar:5.8.2]
	at org.junit.jupiter.engine.descriptor.TestMethodTestDescriptor.lambda$prepare$0(TestMethodTestDescriptor.java:102) ~[junit-jupiter-engine-5.8.2.jar:5.8.2]
	at org.junit.platform.engine.support.hierarchical.ThrowableCollector.execute(ThrowableCollector.java:73) ~[junit-platform-engine-1.8.2.jar:1.8.2]
	at org.junit.jupiter.engine.descriptor.TestMethodTestDescriptor.prepare(TestMethodTestDescriptor.java:101) ~[junit-jupiter-engine-5.8.2.jar:5.8.2]
	at org.junit.jupiter.engine.descriptor.TestMethodTestDescriptor.prepare(TestMethodTestDescriptor.java:66) ~[junit-jupiter-engine-5.8.2.jar:5.8.2]
	at org.junit.platform.engine.support.hierarchical.NodeTestTask.lambda$prepare$2(NodeTestTask.java:123) ~[junit-platform-engine-1.8.2.jar:1.8.2]
	at org.junit.platform.engine.support.hierarchical.ThrowableCollector.execute(ThrowableCollector.java:73) ~[junit-platform-engine-1.8.2.jar:1.8.2]
	at org.junit.platform.engine.support.hierarchical.NodeTestTask.prepare(NodeTestTask.java:123) ~[junit-platform-engine-1.8.2.jar:1.8.2]
	at org.junit.platform.engine.support.hierarchical.NodeTestTask.execute(NodeTestTask.java:90) ~[junit-platform-engine-1.8.2.jar:1.8.2]
	at java.base/java.util.ArrayList.forEach(ArrayList.java:1511) ~[na:na]
	at org.junit.platform.engine.support.hierarchical.SameThreadHierarchicalTestExecutorService.invokeAll(SameThreadHierarchicalTestExecutorService.java:41) ~[junit-platform-engine-1.8.2.jar:1.8.2]
	at org.junit.platform.engine.support.hierarchical.NodeTestTask.lambda$executeRecursively$6(NodeTestTask.java:155) ~[junit-platform-engine-1.8.2.jar:1.8.2]
	at org.junit.platform.engine.support.hierarchical.ThrowableCollector.execute(ThrowableCollector.java:73) ~[junit-platform-engine-1.8.2.jar:1.8.2]
	at org.junit.platform.engine.support.hierarchical.NodeTestTask.lambda$executeRecursively$8(NodeTestTask.java:141) ~[junit-platform-engine-1.8.2.jar:1.8.2]
	at org.junit.platform.engine.support.hierarchical.Node.around(Node.java:137) ~[junit-platform-engine-1.8.2.jar:1.8.2]
	at org.junit.platform.engine.support.hierarchical.NodeTestTask.lambda$executeRecursively$9(NodeTestTask.java:139) ~[junit-platform-engine-1.8.2.jar:1.8.2]
	at org.junit.platform.engine.support.hierarchical.ThrowableCollector.execute(ThrowableCollector.java:73) ~[junit-platform-engine-1.8.2.jar:1.8.2]
	at org.junit.platform.engine.support.hierarchical.NodeTestTask.executeRecursively(NodeTestTask.java:138) ~[junit-platform-engine-1.8.2.jar:1.8.2]
	at org.junit.platform.engine.support.hierarchical.NodeTestTask.execute(NodeTestTask.java:95) ~[junit-platform-engine-1.8.2.jar:1.8.2]
	at java.base/java.util.ArrayList.forEach(ArrayList.java:1511) ~[na:na]
	at org.junit.platform.engine.support.hierarchical.SameThreadHierarchicalTestExecutorService.invokeAll(SameThreadHierarchicalTestExecutorService.java:41) ~[junit-platform-engine-1.8.2.jar:1.8.2]
	at org.junit.platform.engine.support.hierarchical.NodeTestTask.lambda$executeRecursively$6(NodeTestTask.java:155) ~[junit-platform-engine-1.8.2.jar:1.8.2]
	at org.junit.platform.engine.support.hierarchical.ThrowableCollector.execute(ThrowableCollector.java:73) ~[junit-platform-engine-1.8.2.jar:1.8.2]
	at org.junit.platform.engine.support.hierarchical.NodeTestTask.lambda$executeRecursively$8(NodeTestTask.java:141) ~[junit-platform-engine-1.8.2.jar:1.8.2]
	at org.junit.platform.engine.support.hierarchical.Node.around(Node.java:137) ~[junit-platform-engine-1.8.2.jar:1.8.2]
	at org.junit.platform.engine.support.hierarchical.NodeTestTask.lambda$executeRecursively$9(NodeTestTask.java:139) ~[junit-platform-engine-1.8.2.jar:1.8.2]
	at org.junit.platform.engine.support.hierarchical.ThrowableCollector.execute(ThrowableCollector.java:73) ~[junit-platform-engine-1.8.2.jar:1.8.2]
	at org.junit.platform.engine.support.hierarchical.NodeTestTask.executeRecursively(NodeTestTask.java:138) ~[junit-platform-engine-1.8.2.jar:1.8.2]
	at org.junit.platform.engine.support.hierarchical.NodeTestTask.execute(NodeTestTask.java:95) ~[junit-platform-engine-1.8.2.jar:1.8.2]
	at org.junit.platform.engine.support.hierarchical.SameThreadHierarchicalTestExecutorService.submit(SameThreadHierarchicalTestExecutorService.java:35) ~[junit-platform-engine-1.8.2.jar:1.8.2]
	at org.junit.platform.engine.support.hierarchical.HierarchicalTestExecutor.execute(HierarchicalTestExecutor.java:57) ~[junit-platform-engine-1.8.2.jar:1.8.2]
	at org.junit.platform.engine.support.hierarchical.HierarchicalTestEngine.execute(HierarchicalTestEngine.java:54) ~[junit-platform-engine-1.8.2.jar:1.8.2]
	at org.junit.platform.launcher.core.DefaultLauncher.execute(DefaultLauncher.java:220) ~[junit-platform-launcher-1.3.1.jar:1.3.1]
	at org.junit.platform.launcher.core.DefaultLauncher.lambda$execute$6(DefaultLauncher.java:188) ~[junit-platform-launcher-1.3.1.jar:1.3.1]
	at org.junit.platform.launcher.core.DefaultLauncher.withInterceptedStreams(DefaultLauncher.java:202) ~[junit-platform-launcher-1.3.1.jar:1.3.1]
	at org.junit.platform.launcher.core.DefaultLauncher.execute(DefaultLauncher.java:181) ~[junit-platform-launcher-1.3.1.jar:1.3.1]
	at org.junit.platform.launcher.core.DefaultLauncher.execute(DefaultLauncher.java:128) ~[junit-platform-launcher-1.3.1.jar:1.3.1]
	at org.apache.maven.surefire.junitplatform.JUnitPlatformProvider.invokeAllTests(JUnitPlatformProvider.java:150) ~[surefire-junit-platform-2.22.2.jar:2.22.2]
	at org.apache.maven.surefire.junitplatform.JUnitPlatformProvider.invoke(JUnitPlatformProvider.java:124) ~[surefire-junit-platform-2.22.2.jar:2.22.2]
	at org.apache.maven.surefire.booter.ForkedBooter.invokeProviderInSameClassLoader(ForkedBooter.java:384) ~[surefire-booter-2.22.2.jar:2.22.2]
	at org.apache.maven.surefire.booter.ForkedBooter.runSuitesInProcess(ForkedBooter.java:345) ~[surefire-booter-2.22.2.jar:2.22.2]
	at org.apache.maven.surefire.booter.ForkedBooter.execute(ForkedBooter.java:126) ~[surefire-booter-2.22.2.jar:2.22.2]
	at org.apache.maven.surefire.booter.ForkedBooter.main(ForkedBooter.java:418) ~[surefire-booter-2.22.2.jar:2.22.2]
Caused by: org.springframework.beans.factory.UnsatisfiedDependencyException: Error creating bean with name 'weatherController': Unsatisfied dependency expressed through field 'weatherService'; nested exception is org.springframework.beans.factory.UnsatisfiedDependencyException: Error creating bean with name 'weatherService': Unsatisfied dependency expressed through field 'weatherClient'; nested exception is org.springframework.beans.factory.NoSuchBeanDefinitionException: No qualifying bean of type 'com.java.net.client.WeatherClient' available: expected at least 1 bean which qualifies as autowire candidate. Dependency annotations: {@org.springframework.beans.factory.annotation.Autowired(required=true)}
	at org.springframework.beans.factory.annotation.AutowiredAnnotationBeanPostProcessor$AutowiredFieldElement.resolveFieldValue(AutowiredAnnotationBeanPostProcessor.java:660) ~[spring-beans-5.3.27.jar:5.3.27]
	at org.springframework.beans.factory.annotation.AutowiredAnnotationBeanPostProcessor$AutowiredFieldElement.inject(AutowiredAnnotationBeanPostProcessor.java:640) ~[spring-beans-5.3.27.jar:5.3.27]
	at org.springframework.beans.factory.annotation.InjectionMetadata.inject(InjectionMetadata.java:119) ~[spring-beans-5.3.27.jar:5.3.27]
	at org.springframework.beans.factory.annotation.AutowiredAnnotationBeanPostProcessor.postProcessProperties(AutowiredAnnotationBeanPostProcessor.java:399) ~[spring-beans-5.3.27.jar:5.3.27]
	at org.springframework.beans.factory.support.AbstractAutowireCapableBeanFactory.populateBean(AbstractAutowireCapableBeanFactory.java:1431) ~[spring-beans-5.3.27.jar:5.3.27]
	at org.springframework.beans.factory.support.AbstractAutowireCapableBeanFactory.doCreateBean(AbstractAutowireCapableBeanFactory.java:619) ~[spring-beans-5.3.27.jar:5.3.27]
	at org.springframework.beans.factory.support.AbstractAutowireCapableBeanFactory.createBean(AbstractAutowireCapableBeanFactory.java:542) ~[spring-beans-5.3.27.jar:5.3.27]
	at org.springframework.beans.factory.support.AbstractBeanFactory.lambda$doGetBean$0(AbstractBeanFactory.java:335) ~[spring-beans-5.3.27.jar:5.3.27]
	at org.springframework.beans.factory.support.DefaultSingletonBeanRegistry.getSingleton(DefaultSingletonBeanRegistry.java:234) ~[spring-beans-5.3.27.jar:5.3.27]
	at org.springframework.beans.factory.support.AbstractBeanFactory.doGetBean(AbstractBeanFactory.java:333) ~[spring-beans-5.3.27.jar:5.3.27]
	at org.springframework.beans.factory.support.AbstractBeanFactory.getBean(AbstractBeanFactory.java:208) ~[spring-beans-5.3.27.jar:5.3.27]
	at org.springframework.beans.factory.support.DefaultListableBeanFactory.preInstantiateSingletons(DefaultListableBeanFactory.java:955) ~[spring-beans-5.3.27.jar:5.3.27]
	at org.springframework.context.support.AbstractApplicationContext.finishBeanFactoryInitialization(AbstractApplicationContext.java:920) ~[spring-context-5.3.27.jar:5.3.27]
	at org.springframework.context.support.AbstractApplicationContext.refresh(AbstractApplicationContext.java:583) ~[spring-context-5.3.27.jar:5.3.27]
	at org.springframework.boot.SpringApplication.refresh(SpringApplication.java:731) ~[spring-boot-2.7.12-SNAPSHOT.jar:2.7.12-SNAPSHOT]
	at org.springframework.boot.SpringApplication.refreshContext(SpringApplication.java:408) ~[spring-boot-2.7.12-SNAPSHOT.jar:2.7.12-SNAPSHOT]
	at org.springframework.boot.SpringApplication.run(SpringApplication.java:307) ~[spring-boot-2.7.12-SNAPSHOT.jar:2.7.12-SNAPSHOT]
	at org.springframework.boot.test.context.SpringBootContextLoader.loadContext(SpringBootContextLoader.java:136) ~[spring-boot-test-2.7.12-SNAPSHOT.jar:2.7.12-SNAPSHOT]
	at org.springframework.test.context.cache.DefaultCacheAwareContextLoaderDelegate.loadContextInternal(DefaultCacheAwareContextLoaderDelegate.java:141) ~[spring-test-5.3.27.jar:5.3.27]
	at org.springframework.test.context.cache.DefaultCacheAwareContextLoaderDelegate.loadContext(DefaultCacheAwareContextLoaderDelegate.java:90) ~[spring-test-5.3.27.jar:5.3.27]
	... 67 common frames omitted
Caused by: org.springframework.beans.factory.UnsatisfiedDependencyException: Error creating bean with name 'weatherService': Unsatisfied dependency expressed through field 'weatherClient'; nested exception is org.springframework.beans.factory.NoSuchBeanDefinitionException: No qualifying bean of type 'com.java.net.client.WeatherClient' available: expected at least 1 bean which qualifies as autowire candidate. Dependency annotations: {@org.springframework.beans.factory.annotation.Autowired(required=true)}
	at org.springframework.beans.factory.annotation.AutowiredAnnotationBeanPostProcessor$AutowiredFieldElement.resolveFieldValue(AutowiredAnnotationBeanPostProcessor.java:660) ~[spring-beans-5.3.27.jar:5.3.27]
	at org.springframework.beans.factory.annotation.AutowiredAnnotationBeanPostProcessor$AutowiredFieldElement.inject(AutowiredAnnotationBeanPostProcessor.java:640) ~[spring-beans-5.3.27.jar:5.3.27]
	at org.springframework.beans.factory.annotation.InjectionMetadata.inject(InjectionMetadata.java:119) ~[spring-beans-5.3.27.jar:5.3.27]
	at org.springframework.beans.factory.annotation.AutowiredAnnotationBeanPostProcessor.postProcessProperties(AutowiredAnnotationBeanPostProcessor.java:399) ~[spring-beans-5.3.27.jar:5.3.27]
	at org.springframework.beans.factory.support.AbstractAutowireCapableBeanFactory.populateBean(AbstractAutowireCapableBeanFactory.java:1431) ~[spring-beans-5.3.27.jar:5.3.27]
	at org.springframework.beans.factory.support.AbstractAutowireCapableBeanFactory.doCreateBean(AbstractAutowireCapableBeanFactory.java:619) ~[spring-beans-5.3.27.jar:5.3.27]
	at org.springframework.beans.factory.support.AbstractAutowireCapableBeanFactory.createBean(AbstractAutowireCapableBeanFactory.java:542) ~[spring-beans-5.3.27.jar:5.3.27]
	at org.springframework.beans.factory.support.AbstractBeanFactory.lambda$doGetBean$0(AbstractBeanFactory.java:335) ~[spring-beans-5.3.27.jar:5.3.27]
	at org.springframework.beans.factory.support.DefaultSingletonBeanRegistry.getSingleton(DefaultSingletonBeanRegistry.java:234) ~[spring-beans-5.3.27.jar:5.3.27]
	at org.springframework.beans.factory.support.AbstractBeanFactory.doGetBean(AbstractBeanFactory.java:333) ~[spring-beans-5.3.27.jar:5.3.27]
	at org.springframework.beans.factory.support.AbstractBeanFactory.getBean(AbstractBeanFactory.java:208) ~[spring-beans-5.3.27.jar:5.3.27]
	at org.springframework.beans.factory.config.DependencyDescriptor.resolveCandidate(DependencyDescriptor.java:276) ~[spring-beans-5.3.27.jar:5.3.27]
	at org.springframework.beans.factory.support.DefaultListableBeanFactory.doResolveDependency(DefaultListableBeanFactory.java:1391) ~[spring-beans-5.3.27.jar:5.3.27]
	at org.springframework.beans.factory.support.DefaultListableBeanFactory.resolveDependency(DefaultListableBeanFactory.java:1311) ~[spring-beans-5.3.27.jar:5.3.27]
	at org.springframework.beans.factory.annotation.AutowiredAnnotationBeanPostProcessor$AutowiredFieldElement.resolveFieldValue(AutowiredAnnotationBeanPostProcessor.java:657) ~[spring-beans-5.3.27.jar:5.3.27]
	... 86 common frames omitted
Caused by: org.springframework.beans.factory.NoSuchBeanDefinitionException: No qualifying bean of type 'com.java.net.client.WeatherClient' available: expected at least 1 bean which qualifies as autowire candidate. Dependency annotations: {@org.springframework.beans.factory.annotation.Autowired(required=true)}
	at org.springframework.beans.factory.support.DefaultListableBeanFactory.raiseNoMatchingBeanFound(DefaultListableBeanFactory.java:1801) ~[spring-beans-5.3.27.jar:5.3.27]
	at org.springframework.beans.factory.support.DefaultListableBeanFactory.doResolveDependency(DefaultListableBeanFactory.java:1357) ~[spring-beans-5.3.27.jar:5.3.27]
	at org.springframework.beans.factory.support.DefaultListableBeanFactory.resolveDependency(DefaultListableBeanFactory.java:1311) ~[spring-beans-5.3.27.jar:5.3.27]
	at org.springframework.beans.factory.annotation.AutowiredAnnotationBeanPostProcessor$AutowiredFieldElement.resolveFieldValue(AutowiredAnnotationBeanPostProcessor.java:657) ~[spring-beans-5.3.27.jar:5.3.27]
	... 100 common frames omitted

]]></system-out>
  </testcase>
</testsuite>